<?xml version="1.0" encoding="UTF-8"?>
<!-- Generated by org.testng.reporters.JUnitXMLReporter -->
<testsuite hostname="DESKTOP-52E8A26" ignored="0" name="Regression1" tests="4" failures="1" timestamp="2021-03-11T22:56:51 EST" time="32.663" errors="0">
  <testcase name="searchAnyItem" time="5.977" classname="testcases.HomePageTest">
    <failure type="java.lang.AssertionError" message="expected [&amp;quot;fire extinguishers&amp;quot;] but found [&amp;quot;fire extinguisher&amp;quot;]">
      <![CDATA[java.lang.AssertionError: expected ["fire extinguishers"] but found ["fire extinguisher"]
at testcases.HomePageTest.searchAnyItem(HomePageTest.java:67)
at java.util.ArrayList.forEach(Unknown Source)
... Removed 33 stack frames]]>
    </failure>
  </testcase> <!-- searchAnyItem -->
  <testcase name="verifySignInLabel" time="0.275" classname="testcases.LoginPageTest"/>
  <testcase name="userSignIn" time="7.075" classname="testcases.LoginPageTest"/>
  <testcase name="userSignOut" time="1.297" classname="testcases.LoginPageTest"/>
</testsuite> <!-- Regression1 -->
