<?xml version="1.0" encoding="UTF-8"?>
<testng-results skipped="0" failed="1" ignored="0" total="1" passed="0">
  <reporter-output>
  </reporter-output>
  <suite name="Suite1" duration-ms="23880" started-at="2021-03-12T13:32:24 EST" finished-at="2021-03-12T13:32:48 EST">
    <groups>
    </groups>
    <test name="Regression1" duration-ms="23880" started-at="2021-03-12T13:32:24 EST" finished-at="2021-03-12T13:32:48 EST">
      <class name="testcases.HomePageTest">
        <test-method status="PASS" signature="ExtentReportConfiguration()[pri:0, instance:testcases.HomePageTest@371a67ec]" name="ExtentReportConfiguration" is-config="true" duration-ms="110" started-at="2021-03-12T13:32:24 EST" finished-at="2021-03-12T13:32:24 EST">
          <reporter-output>
          </reporter-output>
        </test-method> <!-- ExtentReportConfiguration -->
        <test-method status="PASS" signature="beforeClass()[pri:0, instance:testcases.HomePageTest@371a67ec]" name="beforeClass" is-config="true" duration-ms="13054" started-at="2021-03-12T13:32:24 EST" finished-at="2021-03-12T13:32:37 EST">
          <reporter-output>
          </reporter-output>
        </test-method> <!-- beforeClass -->
        <test-method status="FAIL" signature="searchItemAndVerifySearchResult()[pri:1, instance:testcases.HomePageTest@371a67ec]" name="searchItemAndVerifySearchResult" duration-ms="8927" started-at="2021-03-12T13:32:37 EST" finished-at="2021-03-12T13:32:46 EST">
          <exception class="java.lang.AssertionError">
            <message>
              <![CDATA[expected ["fire extinguishers"] but found ["fire extinguisher"]]]>
            </message>
            <full-stacktrace>
              <![CDATA[java.lang.AssertionError: expected ["fire extinguishers"] but found ["fire extinguisher"]
at org.testng.Assert.fail(Assert.java:99)
at org.testng.Assert.failNotEquals(Assert.java:1037)
at org.testng.Assert.assertEqualsImpl(Assert.java:140)
at org.testng.Assert.assertEquals(Assert.java:122)
at org.testng.Assert.assertEquals(Assert.java:629)
at org.testng.Assert.assertEquals(Assert.java:639)
at testcases.HomePageTest.searchItemAndVerifySearchResult(HomePageTest.java:67)
at sun.reflect.NativeMethodAccessorImpl.invoke0(Native Method)
at sun.reflect.NativeMethodAccessorImpl.invoke(Unknown Source)
at sun.reflect.DelegatingMethodAccessorImpl.invoke(Unknown Source)
at java.lang.reflect.Method.invoke(Unknown Source)
at org.testng.internal.MethodInvocationHelper.invokeMethod(MethodInvocationHelper.java:132)
at org.testng.internal.TestInvoker.invokeMethod(TestInvoker.java:599)
at org.testng.internal.TestInvoker.invokeTestMethod(TestInvoker.java:174)
at org.testng.internal.MethodRunner.runInSequence(MethodRunner.java:46)
at org.testng.internal.TestInvoker$MethodInvocationAgent.invoke(TestInvoker.java:822)
at org.testng.internal.TestInvoker.invokeTestMethods(TestInvoker.java:147)
at org.testng.internal.TestMethodWorker.invokeTestMethods(TestMethodWorker.java:146)
at org.testng.internal.TestMethodWorker.run(TestMethodWorker.java:128)
at java.util.ArrayList.forEach(Unknown Source)
at org.testng.TestRunner.privateRun(TestRunner.java:764)
at org.testng.TestRunner.run(TestRunner.java:585)
at org.testng.SuiteRunner.runTest(SuiteRunner.java:384)
at org.testng.SuiteRunner.runSequentially(SuiteRunner.java:378)
at org.testng.SuiteRunner.privateRun(SuiteRunner.java:337)
at org.testng.SuiteRunner.run(SuiteRunner.java:286)
at org.testng.SuiteRunnerWorker.runSuite(SuiteRunnerWorker.java:53)
at org.testng.SuiteRunnerWorker.run(SuiteRunnerWorker.java:96)
at org.testng.TestNG.runSuitesSequentially(TestNG.java:1218)
at org.testng.TestNG.runSuitesLocally(TestNG.java:1140)
at org.testng.TestNG.runSuites(TestNG.java:1069)
at org.testng.TestNG.run(TestNG.java:1037)
at org.testng.remote.AbstractRemoteTestNG.run(AbstractRemoteTestNG.java:115)
at org.testng.remote.RemoteTestNG.initAndRun(RemoteTestNG.java:251)
at org.testng.remote.RemoteTestNG.main(RemoteTestNG.java:77)
]]>
            </full-stacktrace>
          </exception> <!-- java.lang.AssertionError -->
          <reporter-output>
          </reporter-output>
        </test-method> <!-- searchItemAndVerifySearchResult -->
        <test-method status="PASS" signature="tearDown(org.testng.ITestResult)[pri:0, instance:testcases.HomePageTest@371a67ec]" name="tearDown" is-config="true" duration-ms="872" started-at="2021-03-12T13:32:46 EST" finished-at="2021-03-12T13:32:47 EST">
          <params>
            <param index="0">
              <value>
                <![CDATA[[TestResult name=searchItemAndVerifySearchResult status=FAILURE method=HomePageTest.searchItemAndVerifySearchResult()[pri:1, instance:testcases.HomePageTest@371a67ec] output={null}]]]>
              </value>
            </param>
          </params>
          <reporter-output>
          </reporter-output>
        </test-method> <!-- tearDown -->
        <test-method status="PASS" signature="afterClass()[pri:0, instance:testcases.HomePageTest@371a67ec]" name="afterClass" is-config="true" duration-ms="863" started-at="2021-03-12T13:32:47 EST" finished-at="2021-03-12T13:32:48 EST">
          <reporter-output>
          </reporter-output>
        </test-method> <!-- afterClass -->
      </class> <!-- testcases.HomePageTest -->
    </test> <!-- Regression1 -->
  </suite> <!-- Suite1 -->
</testng-results>
